0 info it worked if it ends with ok
1 verbose cli [ '/usr/local/bin/node', '/usr/local/bin/npm', 'start', 'watch' ]
2 info using npm@3.10.3
3 info using node@v6.7.0
4 verbose run-script [ 'prestart', 'start', 'poststart' ]
5 info lifecycle webpack-handlebars-starter@1.0.0~prestart: webpack-handlebars-starter@1.0.0
6 silly lifecycle webpack-handlebars-starter@1.0.0~prestart: no script for prestart, continuing
7 info lifecycle webpack-handlebars-starter@1.0.0~start: webpack-handlebars-starter@1.0.0
8 verbose lifecycle webpack-handlebars-starter@1.0.0~start: unsafe-perm in lifecycle true
9 verbose lifecycle webpack-handlebars-starter@1.0.0~start: PATH: /usr/local/lib/node_modules/npm/bin/node-gyp-bin:/Users/imac27chem68/Desktop/git-repos/webpack-handlebars-starter/node_modules/.bin:/usr/local/bin:/Users/imac27chem68/.rvm/gems/ruby-2.2.1/bin:/Users/imac27chem68/.rvm/gems/ruby-2.2.1@global/bin:/Users/imac27chem68/.rvm/rubies/ruby-2.2.1/bin:/usr/bin:/bin:/usr/sbin:/sbin:/usr/local/bin:/Users/imac27chem68/.rvm/bin
10 verbose lifecycle webpack-handlebars-starter@1.0.0~start: CWD: /Users/imac27chem68/Desktop/git-repos/webpack-handlebars-starter
11 silly lifecycle webpack-handlebars-starter@1.0.0~start: Args: [ '-c', 'npm-run-all --parallel dev-build dev-server "watch"' ]
12 silly lifecycle webpack-handlebars-starter@1.0.0~start: Returned: code: 1  signal: null
13 info lifecycle webpack-handlebars-starter@1.0.0~start: Failed to exec start script
14 verbose stack Error: webpack-handlebars-starter@1.0.0 start: `npm-run-all --parallel dev-build dev-server "watch"`
14 verbose stack Exit status 1
14 verbose stack     at EventEmitter.<anonymous> (/usr/local/lib/node_modules/npm/lib/utils/lifecycle.js:242:16)
14 verbose stack     at emitTwo (events.js:106:13)
14 verbose stack     at EventEmitter.emit (events.js:191:7)
14 verbose stack     at ChildProcess.<anonymous> (/usr/local/lib/node_modules/npm/lib/utils/spawn.js:40:14)
14 verbose stack     at emitTwo (events.js:106:13)
14 verbose stack     at ChildProcess.emit (events.js:191:7)
14 verbose stack     at maybeClose (internal/child_process.js:877:16)
14 verbose stack     at Process.ChildProcess._handle.onexit (internal/child_process.js:226:5)
15 verbose pkgid webpack-handlebars-starter@1.0.0
16 verbose cwd /Users/imac27chem68/Desktop/git-repos/webpack-handlebars-starter
17 error Darwin 15.6.0
18 error argv "/usr/local/bin/node" "/usr/local/bin/npm" "start" "watch"
19 error node v6.7.0
20 error npm  v3.10.3
21 error code ELIFECYCLE
22 error webpack-handlebars-starter@1.0.0 start: `npm-run-all --parallel dev-build dev-server "watch"`
22 error Exit status 1
23 error Failed at the webpack-handlebars-starter@1.0.0 start script 'npm-run-all --parallel dev-build dev-server "watch"'.
23 error Make sure you have the latest version of node.js and npm installed.
23 error If you do, this is most likely a problem with the webpack-handlebars-starter package,
23 error not with npm itself.
23 error Tell the author that this fails on your system:
23 error     npm-run-all --parallel dev-build dev-server "watch"
23 error You can get information on how to open an issue for this project with:
23 error     npm bugs webpack-handlebars-starter
23 error Or if that isn't available, you can get their info via:
23 error     npm owner ls webpack-handlebars-starter
23 error There is likely additional logging output above.
24 verbose exit [ 1, true ]
